#! /usr/bin/vvp
:ivl_version "10.1 (stable)";
:ivl_delay_selection "TYPICAL";
:vpi_time_precision + 0;
:vpi_module "system";
:vpi_module "vhdl_sys";
:vpi_module "v2005_math";
:vpi_module "va_math";
S_0x555644a08760 .scope module, "main" "main" 2 27;
 .timescale 0 0;
v0x555644a3ad90_0 .var "CLK", 0 0;
v0x555644a3ae80_0 .var "RST", 0 0;
v0x555644a3af90_0 .var "cycle", 31 0;
v0x555644a3b030_0 .var "do_cycles", 0 0;
v0x555644a3b0f0_0 .var "do_fsdb", 0 0;
v0x555644a3b200_0 .var "do_fst", 0 0;
v0x555644a3b2c0_0 .var "do_vcd", 0 0;
v0x555644a3b380_0 .var "filename", 2048 1;
S_0x555644a088e0 .scope module, "top" "mkTb" 2 38, 3 29 0, S_0x555644a08760;
 .timescale 0 0;
    .port_info 0 /INPUT 1 "CLK"
    .port_info 1 /INPUT 1 "RST_N"
v0x555644a3aa90_0 .net "CLK", 0 0, v0x555644a3ad90_0;  1 drivers
v0x555644a3ab50_0 .net "RST_N", 0 0, v0x555644a3ae80_0;  1 drivers
v0x555644a3abf0_0 .net "mapper$map", 25 0, L_0x555644a3b460;  1 drivers
L_0x7f59191ab060 .functor BUFT 1, C4<00>, C4<0>, C4<0>, C4<0>;
v0x555644a3acc0_0 .net "mapper$map_bits", 1 0, L_0x7f59191ab060;  1 drivers
E_0x5556449c07a0 .event negedge, v0x555644a06e10_0;
S_0x555644a06830 .scope module, "mapper" "mkQPSKmapper" 3 39, 4 33 0, S_0x555644a088e0;
 .timescale 0 0;
    .port_info 0 /INPUT 1 "CLK"
    .port_info 1 /INPUT 1 "RST_N"
    .port_info 2 /INPUT 2 "map_bits"
    .port_info 3 /OUTPUT 26 "map"
    .port_info 4 /OUTPUT 1 "RDY_map"
v0x555644a00fc0_0 .var "CASE_map_bits_0b0_8191_0b1_1_0b10_8191_0b11_1__ETC__q2", 12 0;
v0x555644a06d70_0 .var "CASE_map_bits_0b0_8191_0b1_8191_0b10_1_0b11_1__ETC__q1", 12 0;
v0x555644a06e10_0 .net "CLK", 0 0, v0x555644a3ad90_0;  alias, 1 drivers
L_0x7f59191ab018 .functor BUFT 1, C4<1>, C4<0>, C4<0>, C4<0>;
v0x555644a3a660_0 .net "RDY_map", 0 0, L_0x7f59191ab018;  1 drivers
v0x555644a3a720_0 .net "RST_N", 0 0, v0x555644a3ae80_0;  alias, 1 drivers
v0x555644a3a830_0 .net "map", 25 0, L_0x555644a3b460;  alias, 1 drivers
v0x555644a3a910_0 .net "map_bits", 1 0, L_0x7f59191ab060;  alias, 1 drivers
E_0x5556449c0910 .event edge, v0x555644a3a910_0;
L_0x555644a3b460 .concat [ 13 13 0 0], v0x555644a00fc0_0, v0x555644a06d70_0;
    .scope S_0x555644a06830;
T_0 ;
    %wait E_0x5556449c0910;
    %load/vec4 v0x555644a3a910_0;
    %dup/vec4;
    %pushi/vec4 0, 0, 2;
    %cmp/u;
    %jmp/1 T_0.0, 6;
    %dup/vec4;
    %pushi/vec4 1, 0, 2;
    %cmp/u;
    %jmp/1 T_0.1, 6;
    %dup/vec4;
    %pushi/vec4 2, 0, 2;
    %cmp/u;
    %jmp/1 T_0.2, 6;
    %dup/vec4;
    %pushi/vec4 3, 0, 2;
    %cmp/u;
    %jmp/1 T_0.3, 6;
    %jmp T_0.4;
T_0.0 ;
    %pushi/vec4 8191, 0, 13;
    %store/vec4 v0x555644a06d70_0, 0, 13;
    %jmp T_0.4;
T_0.1 ;
    %pushi/vec4 8191, 0, 13;
    %store/vec4 v0x555644a06d70_0, 0, 13;
    %jmp T_0.4;
T_0.2 ;
    %pushi/vec4 1, 0, 13;
    %store/vec4 v0x555644a06d70_0, 0, 13;
    %jmp T_0.4;
T_0.3 ;
    %pushi/vec4 1, 0, 13;
    %store/vec4 v0x555644a06d70_0, 0, 13;
    %jmp T_0.4;
T_0.4 ;
    %pop/vec4 1;
    %jmp T_0;
    .thread T_0, $push;
    .scope S_0x555644a06830;
T_1 ;
    %wait E_0x5556449c0910;
    %load/vec4 v0x555644a3a910_0;
    %dup/vec4;
    %pushi/vec4 0, 0, 2;
    %cmp/u;
    %jmp/1 T_1.0, 6;
    %dup/vec4;
    %pushi/vec4 2, 0, 2;
    %cmp/u;
    %jmp/1 T_1.1, 6;
    %dup/vec4;
    %pushi/vec4 1, 0, 2;
    %cmp/u;
    %jmp/1 T_1.2, 6;
    %dup/vec4;
    %pushi/vec4 3, 0, 2;
    %cmp/u;
    %jmp/1 T_1.3, 6;
    %jmp T_1.4;
T_1.0 ;
    %pushi/vec4 8191, 0, 13;
    %store/vec4 v0x555644a00fc0_0, 0, 13;
    %jmp T_1.4;
T_1.1 ;
    %pushi/vec4 8191, 0, 13;
    %store/vec4 v0x555644a00fc0_0, 0, 13;
    %jmp T_1.4;
T_1.2 ;
    %pushi/vec4 1, 0, 13;
    %store/vec4 v0x555644a00fc0_0, 0, 13;
    %jmp T_1.4;
T_1.3 ;
    %pushi/vec4 1, 0, 13;
    %store/vec4 v0x555644a00fc0_0, 0, 13;
    %jmp T_1.4;
T_1.4 ;
    %pop/vec4 1;
    %jmp T_1;
    .thread T_1, $push;
    .scope S_0x555644a088e0;
T_2 ;
    %wait E_0x5556449c07a0;
    %delay 0, 0;
    %vpi_call 3 54 "$write", "map of 00 is: " {0 0 0};
    %vpi_call 3 55 "$write", "<C " {0 0 0};
    %load/vec4 v0x555644a3abf0_0;
    %parti/s 13, 13, 5;
    %vpi_call 3 56 "$write", "%d", S<0,vec4,s13> {1 0 0};
    %vpi_call 3 57 "$write", "," {0 0 0};
    %load/vec4 v0x555644a3abf0_0;
    %parti/s 13, 0, 2;
    %vpi_call 3 58 "$write", "%d", S<0,vec4,s13>, ">" {1 0 0};
    %vpi_call 3 59 "$write", "\012" {0 0 0};
    %vpi_call 3 60 "$finish", 32'b00000000000000000000000000000000 {0 0 0};
    %jmp T_2;
    .thread T_2;
    .scope S_0x555644a08760;
T_3 ;
    %pushi/vec4 0, 0, 32;
    %store/vec4 v0x555644a3af90_0, 0, 32;
    %vpi_func 2 63 "$test$plusargs" 32, "bscvcd" {0 0 0};
    %pad/u 1;
    %store/vec4 v0x555644a3b2c0_0, 0, 1;
    %vpi_func 2 64 "$test$plusargs" 32, "bscfst" {0 0 0};
    %pad/u 1;
    %store/vec4 v0x555644a3b200_0, 0, 1;
    %vpi_func 2 65 "$test$plusargs" 32, "bscfsdb" {0 0 0};
    %pad/u 1;
    %store/vec4 v0x555644a3b0f0_0, 0, 1;
    %vpi_func 2 66 "$test$plusargs" 32, "bsccycle" {0 0 0};
    %pad/u 1;
    %store/vec4 v0x555644a3b030_0, 0, 1;
    %vpi_func 2 68 "$value$plusargs" 32, "bscvcd=%s", v0x555644a3b380_0 {0 0 0};
    %cmpi/ne 0, 0, 32;
    %jmp/0xz  T_3.0, 4;
    %pushi/vec4 1, 0, 1;
    %store/vec4 v0x555644a3b2c0_0, 0, 1;
    %jmp T_3.1;
T_3.0 ;
    %load/vec4 v0x555644a3b2c0_0;
    %flag_set/vec4 8;
    %jmp/0xz  T_3.2, 8;
    %pushi/vec4 0, 0, 32; draw_string_vec4
    %pushi/vec4 0, 0, 32; draw_string_vec4
    %concat/vec4; draw_string_vec4
    %pushi/vec4 0, 0, 32; draw_string_vec4
    %concat/vec4; draw_string_vec4
    %pushi/vec4 0, 0, 32; draw_string_vec4
    %concat/vec4; draw_string_vec4
    %pushi/vec4 0, 0, 32; draw_string_vec4
    %concat/vec4; draw_string_vec4
    %pushi/vec4 0, 0, 32; draw_string_vec4
    %concat/vec4; draw_string_vec4
    %pushi/vec4 0, 0, 32; draw_string_vec4
    %concat/vec4; draw_string_vec4
    %pushi/vec4 0, 0, 32; draw_string_vec4
    %concat/vec4; draw_string_vec4
    %pushi/vec4 0, 0, 32; draw_string_vec4
    %concat/vec4; draw_string_vec4
    %pushi/vec4 0, 0, 32; draw_string_vec4
    %concat/vec4; draw_string_vec4
    %pushi/vec4 0, 0, 32; draw_string_vec4
    %concat/vec4; draw_string_vec4
    %pushi/vec4 0, 0, 32; draw_string_vec4
    %concat/vec4; draw_string_vec4
    %pushi/vec4 0, 0, 32; draw_string_vec4
    %concat/vec4; draw_string_vec4
    %pushi/vec4 0, 0, 32; draw_string_vec4
    %concat/vec4; draw_string_vec4
    %pushi/vec4 0, 0, 32; draw_string_vec4
    %concat/vec4; draw_string_vec4
    %pushi/vec4 0, 0, 32; draw_string_vec4
    %concat/vec4; draw_string_vec4
    %pushi/vec4 0, 0, 32; draw_string_vec4
    %concat/vec4; draw_string_vec4
    %pushi/vec4 0, 0, 32; draw_string_vec4
    %concat/vec4; draw_string_vec4
    %pushi/vec4 0, 0, 32; draw_string_vec4
    %concat/vec4; draw_string_vec4
    %pushi/vec4 0, 0, 32; draw_string_vec4
    %concat/vec4; draw_string_vec4
    %pushi/vec4 0, 0, 32; draw_string_vec4
    %concat/vec4; draw_string_vec4
    %pushi/vec4 0, 0, 32; draw_string_vec4
    %concat/vec4; draw_string_vec4
    %pushi/vec4 0, 0, 32; draw_string_vec4
    %concat/vec4; draw_string_vec4
    %pushi/vec4 0, 0, 32; draw_string_vec4
    %concat/vec4; draw_string_vec4
    %pushi/vec4 0, 0, 32; draw_string_vec4
    %concat/vec4; draw_string_vec4
    %pushi/vec4 0, 0, 32; draw_string_vec4
    %concat/vec4; draw_string_vec4
    %pushi/vec4 0, 0, 32; draw_string_vec4
    %concat/vec4; draw_string_vec4
    %pushi/vec4 0, 0, 32; draw_string_vec4
    %concat/vec4; draw_string_vec4
    %pushi/vec4 0, 0, 32; draw_string_vec4
    %concat/vec4; draw_string_vec4
    %pushi/vec4 0, 0, 32; draw_string_vec4
    %concat/vec4; draw_string_vec4
    %pushi/vec4 0, 0, 32; draw_string_vec4
    %concat/vec4; draw_string_vec4
    %pushi/vec4 0, 0, 32; draw_string_vec4
    %concat/vec4; draw_string_vec4
    %pushi/vec4 0, 0, 32; draw_string_vec4
    %concat/vec4; draw_string_vec4
    %pushi/vec4 0, 0, 32; draw_string_vec4
    %concat/vec4; draw_string_vec4
    %pushi/vec4 0, 0, 32; draw_string_vec4
    %concat/vec4; draw_string_vec4
    %pushi/vec4 0, 0, 32; draw_string_vec4
    %concat/vec4; draw_string_vec4
    %pushi/vec4 0, 0, 32; draw_string_vec4
    %concat/vec4; draw_string_vec4
    %pushi/vec4 0, 0, 32; draw_string_vec4
    %concat/vec4; draw_string_vec4
    %pushi/vec4 0, 0, 32; draw_string_vec4
    %concat/vec4; draw_string_vec4
    %pushi/vec4 0, 0, 32; draw_string_vec4
    %concat/vec4; draw_string_vec4
    %pushi/vec4 0, 0, 32; draw_string_vec4
    %concat/vec4; draw_string_vec4
    %pushi/vec4 0, 0, 32; draw_string_vec4
    %concat/vec4; draw_string_vec4
    %pushi/vec4 0, 0, 32; draw_string_vec4
    %concat/vec4; draw_string_vec4
    %pushi/vec4 0, 0, 32; draw_string_vec4
    %concat/vec4; draw_string_vec4
    %pushi/vec4 0, 0, 32; draw_string_vec4
    %concat/vec4; draw_string_vec4
    %pushi/vec4 0, 0, 32; draw_string_vec4
    %concat/vec4; draw_string_vec4
    %pushi/vec4 0, 0, 32; draw_string_vec4
    %concat/vec4; draw_string_vec4
    %pushi/vec4 0, 0, 32; draw_string_vec4
    %concat/vec4; draw_string_vec4
    %pushi/vec4 0, 0, 32; draw_string_vec4
    %concat/vec4; draw_string_vec4
    %pushi/vec4 0, 0, 32; draw_string_vec4
    %concat/vec4; draw_string_vec4
    %pushi/vec4 0, 0, 32; draw_string_vec4
    %concat/vec4; draw_string_vec4
    %pushi/vec4 0, 0, 32; draw_string_vec4
    %concat/vec4; draw_string_vec4
    %pushi/vec4 0, 0, 32; draw_string_vec4
    %concat/vec4; draw_string_vec4
    %pushi/vec4 0, 0, 32; draw_string_vec4
    %concat/vec4; draw_string_vec4
    %pushi/vec4 0, 0, 32; draw_string_vec4
    %concat/vec4; draw_string_vec4
    %pushi/vec4 0, 0, 32; draw_string_vec4
    %concat/vec4; draw_string_vec4
    %pushi/vec4 0, 0, 32; draw_string_vec4
    %concat/vec4; draw_string_vec4
    %pushi/vec4 0, 0, 32; draw_string_vec4
    %concat/vec4; draw_string_vec4
    %pushi/vec4 0, 0, 32; draw_string_vec4
    %concat/vec4; draw_string_vec4
    %pushi/vec4 0, 0, 32; draw_string_vec4
    %concat/vec4; draw_string_vec4
    %pushi/vec4 0, 0, 32; draw_string_vec4
    %concat/vec4; draw_string_vec4
    %pushi/vec4 0, 0, 32; draw_string_vec4
    %concat/vec4; draw_string_vec4
    %pushi/vec4 1685417328, 0, 32; draw_string_vec4
    %concat/vec4; draw_string_vec4
    %pushi/vec4 779510628, 0, 32; draw_string_vec4
    %concat/vec4; draw_string_vec4
    %store/vec4 v0x555644a3b380_0, 0, 2048;
T_3.2 ;
T_3.1 ;
    %vpi_func 2 73 "$value$plusargs" 32, "bscfsdb=%s", v0x555644a3b380_0 {0 0 0};
    %cmpi/ne 0, 0, 32;
    %jmp/0xz  T_3.4, 4;
    %pushi/vec4 1, 0, 1;
    %store/vec4 v0x555644a3b0f0_0, 0, 1;
    %jmp T_3.5;
T_3.4 ;
    %load/vec4 v0x555644a3b0f0_0;
    %flag_set/vec4 8;
    %jmp/0xz  T_3.6, 8;
    %pushi/vec4 0, 0, 32; draw_string_vec4
    %pushi/vec4 0, 0, 32; draw_string_vec4
    %concat/vec4; draw_string_vec4
    %pushi/vec4 0, 0, 32; draw_string_vec4
    %concat/vec4; draw_string_vec4
    %pushi/vec4 0, 0, 32; draw_string_vec4
    %concat/vec4; draw_string_vec4
    %pushi/vec4 0, 0, 32; draw_string_vec4
    %concat/vec4; draw_string_vec4
    %pushi/vec4 0, 0, 32; draw_string_vec4
    %concat/vec4; draw_string_vec4
    %pushi/vec4 0, 0, 32; draw_string_vec4
    %concat/vec4; draw_string_vec4
    %pushi/vec4 0, 0, 32; draw_string_vec4
    %concat/vec4; draw_string_vec4
    %pushi/vec4 0, 0, 32; draw_string_vec4
    %concat/vec4; draw_string_vec4
    %pushi/vec4 0, 0, 32; draw_string_vec4
    %concat/vec4; draw_string_vec4
    %pushi/vec4 0, 0, 32; draw_string_vec4
    %concat/vec4; draw_string_vec4
    %pushi/vec4 0, 0, 32; draw_string_vec4
    %concat/vec4; draw_string_vec4
    %pushi/vec4 0, 0, 32; draw_string_vec4
    %concat/vec4; draw_string_vec4
    %pushi/vec4 0, 0, 32; draw_string_vec4
    %concat/vec4; draw_string_vec4
    %pushi/vec4 0, 0, 32; draw_string_vec4
    %concat/vec4; draw_string_vec4
    %pushi/vec4 0, 0, 32; draw_string_vec4
    %concat/vec4; draw_string_vec4
    %pushi/vec4 0, 0, 32; draw_string_vec4
    %concat/vec4; draw_string_vec4
    %pushi/vec4 0, 0, 32; draw_string_vec4
    %concat/vec4; draw_string_vec4
    %pushi/vec4 0, 0, 32; draw_string_vec4
    %concat/vec4; draw_string_vec4
    %pushi/vec4 0, 0, 32; draw_string_vec4
    %concat/vec4; draw_string_vec4
    %pushi/vec4 0, 0, 32; draw_string_vec4
    %concat/vec4; draw_string_vec4
    %pushi/vec4 0, 0, 32; draw_string_vec4
    %concat/vec4; draw_string_vec4
    %pushi/vec4 0, 0, 32; draw_string_vec4
    %concat/vec4; draw_string_vec4
    %pushi/vec4 0, 0, 32; draw_string_vec4
    %concat/vec4; draw_string_vec4
    %pushi/vec4 0, 0, 32; draw_string_vec4
    %concat/vec4; draw_string_vec4
    %pushi/vec4 0, 0, 32; draw_string_vec4
    %concat/vec4; draw_string_vec4
    %pushi/vec4 0, 0, 32; draw_string_vec4
    %concat/vec4; draw_string_vec4
    %pushi/vec4 0, 0, 32; draw_string_vec4
    %concat/vec4; draw_string_vec4
    %pushi/vec4 0, 0, 32; draw_string_vec4
    %concat/vec4; draw_string_vec4
    %pushi/vec4 0, 0, 32; draw_string_vec4
    %concat/vec4; draw_string_vec4
    %pushi/vec4 0, 0, 32; draw_string_vec4
    %concat/vec4; draw_string_vec4
    %pushi/vec4 0, 0, 32; draw_string_vec4
    %concat/vec4; draw_string_vec4
    %pushi/vec4 0, 0, 32; draw_string_vec4
    %concat/vec4; draw_string_vec4
    %pushi/vec4 0, 0, 32; draw_string_vec4
    %concat/vec4; draw_string_vec4
    %pushi/vec4 0, 0, 32; draw_string_vec4
    %concat/vec4; draw_string_vec4
    %pushi/vec4 0, 0, 32; draw_string_vec4
    %concat/vec4; draw_string_vec4
    %pushi/vec4 0, 0, 32; draw_string_vec4
    %concat/vec4; draw_string_vec4
    %pushi/vec4 0, 0, 32; draw_string_vec4
    %concat/vec4; draw_string_vec4
    %pushi/vec4 0, 0, 32; draw_string_vec4
    %concat/vec4; draw_string_vec4
    %pushi/vec4 0, 0, 32; draw_string_vec4
    %concat/vec4; draw_string_vec4
    %pushi/vec4 0, 0, 32; draw_string_vec4
    %concat/vec4; draw_string_vec4
    %pushi/vec4 0, 0, 32; draw_string_vec4
    %concat/vec4; draw_string_vec4
    %pushi/vec4 0, 0, 32; draw_string_vec4
    %concat/vec4; draw_string_vec4
    %pushi/vec4 0, 0, 32; draw_string_vec4
    %concat/vec4; draw_string_vec4
    %pushi/vec4 0, 0, 32; draw_string_vec4
    %concat/vec4; draw_string_vec4
    %pushi/vec4 0, 0, 32; draw_string_vec4
    %concat/vec4; draw_string_vec4
    %pushi/vec4 0, 0, 32; draw_string_vec4
    %concat/vec4; draw_string_vec4
    %pushi/vec4 0, 0, 32; draw_string_vec4
    %concat/vec4; draw_string_vec4
    %pushi/vec4 0, 0, 32; draw_string_vec4
    %concat/vec4; draw_string_vec4
    %pushi/vec4 0, 0, 32; draw_string_vec4
    %concat/vec4; draw_string_vec4
    %pushi/vec4 0, 0, 32; draw_string_vec4
    %concat/vec4; draw_string_vec4
    %pushi/vec4 0, 0, 32; draw_string_vec4
    %concat/vec4; draw_string_vec4
    %pushi/vec4 0, 0, 32; draw_string_vec4
    %concat/vec4; draw_string_vec4
    %pushi/vec4 0, 0, 32; draw_string_vec4
    %concat/vec4; draw_string_vec4
    %pushi/vec4 0, 0, 32; draw_string_vec4
    %concat/vec4; draw_string_vec4
    %pushi/vec4 0, 0, 32; draw_string_vec4
    %concat/vec4; draw_string_vec4
    %pushi/vec4 0, 0, 32; draw_string_vec4
    %concat/vec4; draw_string_vec4
    %pushi/vec4 0, 0, 32; draw_string_vec4
    %concat/vec4; draw_string_vec4
    %pushi/vec4 0, 0, 32; draw_string_vec4
    %concat/vec4; draw_string_vec4
    %pushi/vec4 0, 0, 32; draw_string_vec4
    %concat/vec4; draw_string_vec4
    %pushi/vec4 0, 0, 32; draw_string_vec4
    %concat/vec4; draw_string_vec4
    %pushi/vec4 100, 0, 32; draw_string_vec4
    %concat/vec4; draw_string_vec4
    %pushi/vec4 1970106414, 0, 32; draw_string_vec4
    %concat/vec4; draw_string_vec4
    %pushi/vec4 1718838370, 0, 32; draw_string_vec4
    %concat/vec4; draw_string_vec4
    %store/vec4 v0x555644a3b380_0, 0, 2048;
T_3.6 ;
T_3.5 ;
    %load/vec4 v0x555644a3b2c0_0;
    %flag_set/vec4 8;
    %jmp/0xz  T_3.8, 8;
    %vpi_call 2 91 "$dumpfile", v0x555644a3b380_0 {0 0 0};
    %vpi_call 2 92 "$dumpvars", 32'sb00000000000000000000000000000000, S_0x555644a08760 {0 0 0};
T_3.8 ;
    %delay 0, 0;
    %pushi/vec4 0, 0, 1;
    %store/vec4 v0x555644a3ae80_0, 0, 1;
    %delay 1, 0;
    %pushi/vec4 1, 0, 1;
    %store/vec4 v0x555644a3ad90_0, 0, 1;
    %delay 1, 0;
    %pushi/vec4 1, 0, 1;
    %store/vec4 v0x555644a3ae80_0, 0, 1;
    %end;
    .thread T_3;
    .scope S_0x555644a08760;
T_4 ;
    %delay 1, 0;
    %load/vec4 v0x555644a3b030_0;
    %flag_set/vec4 8;
    %jmp/0xz  T_4.0, 8;
    %vpi_call 2 114 "$display", "cycle %0d", v0x555644a3af90_0 {0 0 0};
T_4.0 ;
    %load/vec4 v0x555644a3af90_0;
    %addi 1, 0, 32;
    %store/vec4 v0x555644a3af90_0, 0, 32;
    %delay 4, 0;
    %pushi/vec4 0, 0, 1;
    %store/vec4 v0x555644a3ad90_0, 0, 1;
    %delay 5, 0;
    %pushi/vec4 1, 0, 1;
    %store/vec4 v0x555644a3ad90_0, 0, 1;
    %jmp T_4;
    .thread T_4;
# The file index is used to find the file name in the following table.
:file_names 5;
    "N/A";
    "<interactive>";
    "/opt/bsv/latest/lib/Verilog/main.v";
    "./mkTb.v";
    "./mkQPSKmapper.v";
